06-18-2023 08:45:15 | INFO | init COMPLETE
06-18-2023 08:50:03 | INFO |         ---===::: Welcome to ican :::===---
06-18-2023 08:50:03 | VERBOSE | --verbose detected.  Displaying verbose messaging.
06-18-2023 08:50:03 | VERBOSE | parsing file config VERSION[./flask_api_key/__init__.py]
06-18-2023 08:50:03 | VERBOSE | regex generated for __version__
06-18-2023 08:50:03 | VERBOSE | parsing file config PUBLIC[./flask_api_key/__init__.py]
06-18-2023 08:50:03 | VERBOSE | regex generated for __public_version__
06-18-2023 08:50:03 | VERBOSE | parsing GIT pipeline
06-18-2023 08:50:03 | VERBOSE | GIT - commit to git with current version as tag
06-18-2023 08:50:03 | VERBOSE | STEP - GIT.step1 - git add .
06-18-2023 08:50:03 | VERBOSE | STEP - GIT.step2 - git commit -m "auto-commit for {tag}"
06-18-2023 08:50:03 | VERBOSE | STEP - GIT.step3 - git tag -a {tag} -m "automated tag for release {tag}" --sign
06-18-2023 08:50:03 | VERBOSE | STEP - GIT.step4 - git push origin HEAD {tag}
06-18-2023 08:50:03 | VERBOSE | parsing RELEASE pipeline
06-18-2023 08:50:03 | VERBOSE | RELEASE - bump version by at least patch, then perform full git commit with tag
06-18-2023 08:50:03 | VERBOSE | STEP - RELEASE.step1 - $ICAN(bump patch)
06-18-2023 08:50:03 | VERBOSE | STEP - RELEASE.step2 - $ICAN(run git)
06-18-2023 08:50:03 | VERBOSE | discovered 0.2.1+build.121 @ CONFIG.version
06-18-2023 08:50:03 | VERBOSE | found git root @ /Users/jhopper/Dropbox/dev/flask-api-key
06-18-2023 08:50:03 | VERBOSE | Command '['git', 'describe', '--dirty', '--tags', '--long']' returned non-zero exit status 128. (code-12) v0.1.42+build.297
06-18-2023 08:50:03 | VERBOSE | Git-versions are disabled. Does this repo have a tag?
06-18-2023 08:50:03 | INFO | 
Available Commands  
06-18-2023 08:50:03 | INFO | ══════════════════

06-18-2023 08:50:03 | INFO | git - commit to git with current version as tag
release - bump version by at least patch, then perform full git commit with tag
06-18-2023 08:50:03 | INFO | 

06-18-2023 08:50:07 | INFO |         ---===::: Welcome to ican :::===---
06-18-2023 08:50:07 | VERBOSE | --verbose detected.  Displaying verbose messaging.
06-18-2023 08:50:07 | VERBOSE | discovered 0.2.1+build.121 @ CONFIG.version
06-18-2023 08:50:07 | VERBOSE | found git root @ /Users/jhopper/Dropbox/dev/flask-api-key
06-18-2023 08:50:07 | VERBOSE | Command '['git', 'describe', '--dirty', '--tags', '--long']' returned non-zero exit status 128. (code-12) v0.1.42+build.297
06-18-2023 08:50:07 | VERBOSE | Git-versions are disabled. Does this repo have a tag?
06-18-2023 08:50:07 | INFO | Current semantic version: 0.2.1+build.121
06-18-2023 08:57:17 | INFO |         ---===::: Welcome to ican :::===---
06-18-2023 08:57:17 | VERBOSE | --verbose detected.  Displaying verbose messaging.
06-18-2023 08:57:17 | VERBOSE | parsing file config VERSION[./flask_api_key/__init__.py]
06-18-2023 08:57:17 | VERBOSE | regex generated for __version__
06-18-2023 08:57:17 | VERBOSE | parsing file config PUBLIC[./flask_api_key/__init__.py]
06-18-2023 08:57:17 | VERBOSE | regex generated for __public_version__
06-18-2023 08:57:17 | VERBOSE | parsing GIT pipeline
06-18-2023 08:57:17 | VERBOSE | GIT - commit to git with current version as tag
06-18-2023 08:57:17 | VERBOSE | STEP - GIT.step1 - git add .
06-18-2023 08:57:17 | VERBOSE | STEP - GIT.step2 - git commit -m "auto-commit for {tag}"
06-18-2023 08:57:17 | VERBOSE | STEP - GIT.step3 - git tag -a {tag} -m "automated tag for release {tag}" --sign
06-18-2023 08:57:17 | VERBOSE | STEP - GIT.step4 - git push origin HEAD {tag}
06-18-2023 08:57:17 | VERBOSE | parsing RELEASE pipeline
06-18-2023 08:57:17 | VERBOSE | RELEASE - bump version by at least patch, then perform full git commit with tag
06-18-2023 08:57:17 | VERBOSE | STEP - RELEASE.step1 - $ICAN(bump patch)
06-18-2023 08:57:17 | VERBOSE | STEP - RELEASE.step2 - $ICAN(run git)
06-18-2023 08:57:17 | VERBOSE | discovered 0.2.1+build.121 @ CONFIG.version
06-18-2023 08:57:17 | VERBOSE | found git root @ /Users/jhopper/Dropbox/dev/flask-api-key
06-18-2023 08:57:17 | VERBOSE | Command '['git', 'describe', '--dirty', '--tags', '--long']' returned non-zero exit status 128. (code-12) v0.1.42+build.297
06-18-2023 08:57:17 | VERBOSE | Git-versions are disabled. Does this repo have a tag?
06-18-2023 08:57:17 | ALT_INFO | +BEGIN pipeline.RELEASE
06-18-2023 08:57:17 | VERBOSE | Generated env/ctx: {'version': '0.2.1+build.121', 'semantic': '0.2.1+build.121', 'public': '0.2.1', 'pep440': '0.2.1.121', 'git': 'None', 'tag': 'v0.2.1', 'major': '0', 'minor': '2', 'patch': '1', 'prerelease': 'None', 'build': 'build.121', 'env': 'production', 'root': '/Users/jhopper/Dropbox/dev/flask-api-key', 'previous': '[None]'}
06-18-2023 08:57:17 | ALT_INFO | +RUNNING step.__INTERNAL__<bump patch>
06-18-2023 08:57:17 | VERBOSE | running internal cmd - bump patch
06-18-2023 08:57:17 | VERBOSE | Beginning bump of <PATCH>
06-18-2023 08:57:17 | VERBOSE | VERSION[./flask_api_key/__init__.py] - updating to 0.2.2+build.122
06-18-2023 08:57:17 | VERBOSE | VERSION[./flask_api_key/__init__.py] - found 1 matches
06-18-2023 08:57:17 | VERBOSE | VERSION[./flask_api_key/__init__.py] - update COMPLETE
06-18-2023 08:57:17 | VERBOSE | PUBLIC[./flask_api_key/__init__.py] - updating to 0.2.2
06-18-2023 08:57:17 | VERBOSE | PUBLIC[./flask_api_key/__init__.py] - NO MATCHES!
06-18-2023 08:57:17 | VERBOSE | persisting version - 0.2.2+build.122
06-18-2023 08:57:17 | VERBOSE | wrote config file
06-18-2023 08:57:17 | INFO | Version: 0.2.2+build.122
06-18-2023 08:57:17 | VERBOSE | Generated env/ctx: {'version': '0.2.2+build.122', 'semantic': '0.2.2+build.122', 'public': '0.2.2', 'pep440': '0.2.2.122', 'git': 'None', 'tag': 'v0.2.2', 'major': '0', 'minor': '2', 'patch': '2', 'prerelease': 'None', 'build': 'build.122', 'env': 'production', 'root': '/Users/jhopper/Dropbox/dev/flask-api-key', 'previous': '0.2.1+build.121'}
06-18-2023 08:57:17 | ALT_INFO | +RUNNING step.__INTERNAL__<run git>
06-18-2023 08:57:17 | VERBOSE | running internal cmd - run git
06-18-2023 08:57:17 | ALT_INFO | +BEGIN pipeline.GIT
06-18-2023 08:57:17 | VERBOSE | Generated env/ctx: {'version': '0.2.2+build.122', 'semantic': '0.2.2+build.122', 'public': '0.2.2', 'pep440': '0.2.2.122', 'git': 'None', 'tag': 'v0.2.2', 'major': '0', 'minor': '2', 'patch': '2', 'prerelease': 'None', 'build': 'build.122', 'env': 'production', 'root': '/Users/jhopper/Dropbox/dev/flask-api-key', 'previous': '0.2.1+build.121'}
06-18-2023 08:57:17 | ALT_INFO | +RUNNING step.__CLI__<git add .>
06-18-2023 08:57:17 | VERBOSE | running cmd - ['git', 'add', '.']
06-18-2023 08:57:17 | VERBOSE | Generated env/ctx: {'version': '0.2.2+build.122', 'semantic': '0.2.2+build.122', 'public': '0.2.2', 'pep440': '0.2.2.122', 'git': 'None', 'tag': 'v0.2.2', 'major': '0', 'minor': '2', 'patch': '2', 'prerelease': 'None', 'build': 'build.122', 'env': 'production', 'root': '/Users/jhopper/Dropbox/dev/flask-api-key', 'previous': '0.2.1+build.121'}
06-18-2023 08:57:17 | VERBOSE | rendered cmd: git commit -m "auto-commit for v0.2.2"
06-18-2023 08:57:17 | ALT_INFO | +RUNNING step.__CLI__<git commit -m "auto-commit for v0.2.2">
06-18-2023 08:57:17 | VERBOSE | running cmd - ['git', 'commit', '-m', 'auto-commit for v0.2.2']
06-18-2023 08:57:18 | VERBOSE | Generated env/ctx: {'version': '0.2.2+build.122', 'semantic': '0.2.2+build.122', 'public': '0.2.2', 'pep440': '0.2.2.122', 'git': 'None', 'tag': 'v0.2.2', 'major': '0', 'minor': '2', 'patch': '2', 'prerelease': 'None', 'build': 'build.122', 'env': 'production', 'root': '/Users/jhopper/Dropbox/dev/flask-api-key', 'previous': '0.2.1+build.121'}
06-18-2023 08:57:18 | VERBOSE | rendered cmd: git tag -a v0.2.2 -m "automated tag for release v0.2.2" --sign
06-18-2023 08:57:18 | ALT_INFO | +RUNNING step.__CLI__<git tag -a v0.2.2 -m "automated tag for release v0.2.2" --sign>
06-18-2023 08:57:18 | VERBOSE | running cmd - ['git', 'tag', '-a', 'v0.2.2', '-m', 'automated tag for release v0.2.2', '--sign']
06-18-2023 08:57:18 | VERBOSE | Generated env/ctx: {'version': '0.2.2+build.122', 'semantic': '0.2.2+build.122', 'public': '0.2.2', 'pep440': '0.2.2.122', 'git': 'None', 'tag': 'v0.2.2', 'major': '0', 'minor': '2', 'patch': '2', 'prerelease': 'None', 'build': 'build.122', 'env': 'production', 'root': '/Users/jhopper/Dropbox/dev/flask-api-key', 'previous': '0.2.1+build.121'}
06-18-2023 08:57:18 | VERBOSE | rendered cmd: git push origin HEAD v0.2.2
06-18-2023 08:57:18 | ALT_INFO | +RUNNING step.__CLI__<git push origin HEAD v0.2.2>
06-18-2023 08:57:18 | VERBOSE | running cmd - ['git', 'push', 'origin', 'HEAD', 'v0.2.2']
06-18-2023 08:57:54 | ALT_INFO | +END pipeline.GIT
06-18-2023 08:57:54 | ALT_INFO | +END pipeline.RELEASE
06-18-2023 08:57:54 | INFO | +FINISHED pipeline.RELEASE
06-18-2023 08:59:51 | INFO |         ---===::: Welcome to ican :::===---
06-18-2023 08:59:51 | VERBOSE | --verbose detected.  Displaying verbose messaging.
06-18-2023 08:59:51 | VERBOSE | parsing file config VERSION[./flask_api_key/__init__.py]
06-18-2023 08:59:51 | VERBOSE | regex generated for __version__
06-18-2023 08:59:51 | VERBOSE | parsing file config PUBLIC[./flask_api_key/__init__.py]
06-18-2023 08:59:51 | VERBOSE | regex generated for __public_version__
06-18-2023 08:59:51 | VERBOSE | parsing GIT pipeline
06-18-2023 08:59:51 | VERBOSE | GIT - commit to git with current version as tag
06-18-2023 08:59:51 | VERBOSE | STEP - GIT.step1 - git add .
06-18-2023 08:59:51 | VERBOSE | STEP - GIT.step2 - git commit -m "auto-commit for {tag}"
06-18-2023 08:59:51 | VERBOSE | STEP - GIT.step3 - git tag -a {tag} -m "automated tag for release {tag}" --sign
06-18-2023 08:59:51 | VERBOSE | STEP - GIT.step4 - git push origin HEAD {tag}
06-18-2023 08:59:51 | VERBOSE | parsing RELEASE pipeline
06-18-2023 08:59:51 | VERBOSE | RELEASE - bump version by at least patch, then perform full git commit with tag
06-18-2023 08:59:51 | VERBOSE | STEP - RELEASE.step1 - $ICAN(bump patch)
06-18-2023 08:59:51 | VERBOSE | STEP - RELEASE.step2 - $ICAN(run git)
06-18-2023 08:59:51 | VERBOSE | discovered 0.2.2+build.122 @ CONFIG.version
06-18-2023 08:59:51 | VERBOSE | found git root @ /Users/jhopper/Dropbox/dev/flask-api-key
06-18-2023 08:59:51 | VERBOSE | Discovered 0.2.2-dev.DIRTY+96f62e7.122 @ GIT.version
06-18-2023 08:59:51 | ALT_INFO | +BEGIN pipeline.RELEASE
06-18-2023 08:59:51 | VERBOSE | Generated env/ctx: {'version': '0.2.2+build.122', 'semantic': '0.2.2+build.122', 'public': '0.2.2', 'pep440': '0.2.2.122', 'git': '0.2.2-dev.DIRTY+96f62e7.122', 'tag': 'v0.2.2', 'major': '0', 'minor': '2', 'patch': '2', 'prerelease': 'None', 'build': 'build.122', 'env': 'production', 'root': '/Users/jhopper/Dropbox/dev/flask-api-key', 'previous': '0.2.1+build.121'}
06-18-2023 08:59:51 | ALT_INFO | +RUNNING step.__INTERNAL__<bump patch>
06-18-2023 08:59:51 | VERBOSE | running internal cmd - bump patch
06-18-2023 08:59:51 | VERBOSE | Beginning bump of <PATCH>
06-18-2023 08:59:51 | VERBOSE | VERSION[./flask_api_key/__init__.py] - updating to 0.2.3+build.123
06-18-2023 08:59:51 | VERBOSE | VERSION[./flask_api_key/__init__.py] - found 1 matches
06-18-2023 08:59:51 | VERBOSE | VERSION[./flask_api_key/__init__.py] - update COMPLETE
06-18-2023 08:59:51 | VERBOSE | PUBLIC[./flask_api_key/__init__.py] - updating to 0.2.3
06-18-2023 08:59:51 | VERBOSE | PUBLIC[./flask_api_key/__init__.py] - NO MATCHES!
06-18-2023 08:59:51 | VERBOSE | persisting version - 0.2.3+build.123
06-18-2023 08:59:51 | VERBOSE | wrote config file
06-18-2023 08:59:51 | INFO | Version: 0.2.3+build.123
06-18-2023 08:59:51 | VERBOSE | Generated env/ctx: {'version': '0.2.3+build.123', 'semantic': '0.2.3+build.123', 'public': '0.2.3', 'pep440': '0.2.3.123', 'git': '0.2.2-dev.DIRTY+96f62e7.123', 'tag': 'v0.2.3', 'major': '0', 'minor': '2', 'patch': '3', 'prerelease': 'None', 'build': 'build.123', 'env': 'production', 'root': '/Users/jhopper/Dropbox/dev/flask-api-key', 'previous': '0.2.2+build.122'}
06-18-2023 08:59:51 | ALT_INFO | +RUNNING step.__INTERNAL__<run git>
06-18-2023 08:59:51 | VERBOSE | running internal cmd - run git
06-18-2023 08:59:51 | ALT_INFO | +BEGIN pipeline.GIT
06-18-2023 08:59:51 | VERBOSE | Generated env/ctx: {'version': '0.2.3+build.123', 'semantic': '0.2.3+build.123', 'public': '0.2.3', 'pep440': '0.2.3.123', 'git': '0.2.2-dev.DIRTY+96f62e7.123', 'tag': 'v0.2.3', 'major': '0', 'minor': '2', 'patch': '3', 'prerelease': 'None', 'build': 'build.123', 'env': 'production', 'root': '/Users/jhopper/Dropbox/dev/flask-api-key', 'previous': '0.2.2+build.122'}
06-18-2023 08:59:51 | ALT_INFO | +RUNNING step.__CLI__<git add .>
06-18-2023 08:59:51 | VERBOSE | running cmd - ['git', 'add', '.']
06-18-2023 08:59:51 | VERBOSE | Generated env/ctx: {'version': '0.2.3+build.123', 'semantic': '0.2.3+build.123', 'public': '0.2.3', 'pep440': '0.2.3.123', 'git': '0.2.2-dev.DIRTY+96f62e7.123', 'tag': 'v0.2.3', 'major': '0', 'minor': '2', 'patch': '3', 'prerelease': 'None', 'build': 'build.123', 'env': 'production', 'root': '/Users/jhopper/Dropbox/dev/flask-api-key', 'previous': '0.2.2+build.122'}
06-18-2023 08:59:51 | VERBOSE | rendered cmd: git commit -m "auto-commit for v0.2.3"
06-18-2023 08:59:51 | ALT_INFO | +RUNNING step.__CLI__<git commit -m "auto-commit for v0.2.3">
06-18-2023 08:59:51 | VERBOSE | running cmd - ['git', 'commit', '-m', 'auto-commit for v0.2.3']
06-18-2023 08:59:51 | VERBOSE | Generated env/ctx: {'version': '0.2.3+build.123', 'semantic': '0.2.3+build.123', 'public': '0.2.3', 'pep440': '0.2.3.123', 'git': '0.2.2-dev.DIRTY+96f62e7.123', 'tag': 'v0.2.3', 'major': '0', 'minor': '2', 'patch': '3', 'prerelease': 'None', 'build': 'build.123', 'env': 'production', 'root': '/Users/jhopper/Dropbox/dev/flask-api-key', 'previous': '0.2.2+build.122'}
06-18-2023 08:59:51 | VERBOSE | rendered cmd: git tag -a v0.2.3 -m "automated tag for release v0.2.3" --sign
06-18-2023 08:59:51 | ALT_INFO | +RUNNING step.__CLI__<git tag -a v0.2.3 -m "automated tag for release v0.2.3" --sign>
06-18-2023 08:59:51 | VERBOSE | running cmd - ['git', 'tag', '-a', 'v0.2.3', '-m', 'automated tag for release v0.2.3', '--sign']
06-18-2023 08:59:51 | VERBOSE | Generated env/ctx: {'version': '0.2.3+build.123', 'semantic': '0.2.3+build.123', 'public': '0.2.3', 'pep440': '0.2.3.123', 'git': '0.2.2-dev.DIRTY+96f62e7.123', 'tag': 'v0.2.3', 'major': '0', 'minor': '2', 'patch': '3', 'prerelease': 'None', 'build': 'build.123', 'env': 'production', 'root': '/Users/jhopper/Dropbox/dev/flask-api-key', 'previous': '0.2.2+build.122'}
06-18-2023 08:59:51 | VERBOSE | rendered cmd: git push origin HEAD v0.2.3
06-18-2023 08:59:51 | ALT_INFO | +RUNNING step.__CLI__<git push origin HEAD v0.2.3>
06-18-2023 08:59:51 | VERBOSE | running cmd - ['git', 'push', 'origin', 'HEAD', 'v0.2.3']
06-18-2023 09:05:15 | INFO |         ---===::: Welcome to ican :::===---
06-18-2023 09:05:15 | VERBOSE | --verbose detected.  Displaying verbose messaging.
06-18-2023 09:05:15 | VERBOSE | parsing file config VERSION[./flask_api_key/__init__.py]
06-18-2023 09:05:15 | VERBOSE | regex generated for __version__
06-18-2023 09:05:15 | VERBOSE | parsing file config PUBLIC[./flask_api_key/__init__.py]
06-18-2023 09:05:15 | VERBOSE | regex generated for __public_version__
06-18-2023 09:05:15 | VERBOSE | parsing GIT pipeline
06-18-2023 09:05:15 | VERBOSE | GIT - commit to git with current version as tag
06-18-2023 09:05:15 | VERBOSE | STEP - GIT.step1 - git add .
06-18-2023 09:05:15 | VERBOSE | STEP - GIT.step2 - git commit -m "auto-commit for {tag}"
06-18-2023 09:05:15 | VERBOSE | STEP - GIT.step3 - git tag -a {tag} -m "automated tag for release {tag}" --sign
06-18-2023 09:05:15 | VERBOSE | STEP - GIT.step4 - git push origin HEAD {tag}
06-18-2023 09:05:15 | VERBOSE | parsing RELEASE pipeline
06-18-2023 09:05:15 | VERBOSE | RELEASE - bump version by at least patch, then perform full git commit with tag
06-18-2023 09:05:15 | VERBOSE | STEP - RELEASE.step1 - $ICAN(bump patch)
06-18-2023 09:05:15 | VERBOSE | STEP - RELEASE.step2 - $ICAN(run git)
06-18-2023 09:05:15 | VERBOSE | discovered 0.2.3+build.123 @ CONFIG.version
06-18-2023 09:05:15 | VERBOSE | found git root @ /Users/jhopper/Dropbox/dev/flask-api-key
06-18-2023 09:05:15 | VERBOSE | Discovered 0.2.3-dev.DIRTY+60dd121.123 @ GIT.version
06-18-2023 09:05:15 | ALT_INFO | +BEGIN pipeline.RELEASE
06-18-2023 09:05:15 | VERBOSE | Generated env/ctx: {'version': '0.2.3+build.123', 'semantic': '0.2.3+build.123', 'public': '0.2.3', 'pep440': '0.2.3.123', 'git': '0.2.3-dev.DIRTY+60dd121.123', 'tag': 'v0.2.3', 'major': '0', 'minor': '2', 'patch': '3', 'prerelease': 'None', 'build': 'build.123', 'env': 'production', 'root': '/Users/jhopper/Dropbox/dev/flask-api-key', 'previous': '0.2.2+build.122'}
06-18-2023 09:05:15 | ALT_INFO | +RUNNING step.__INTERNAL__<bump patch>
06-18-2023 09:05:15 | VERBOSE | running internal cmd - bump patch
06-18-2023 09:05:15 | VERBOSE | Beginning bump of <PATCH>
06-18-2023 09:05:15 | VERBOSE | VERSION[./flask_api_key/__init__.py] - updating to 0.2.4+build.124
06-18-2023 09:05:15 | VERBOSE | VERSION[./flask_api_key/__init__.py] - found 1 matches
06-18-2023 09:05:15 | VERBOSE | VERSION[./flask_api_key/__init__.py] - update COMPLETE
06-18-2023 09:05:15 | VERBOSE | PUBLIC[./flask_api_key/__init__.py] - updating to 0.2.4
06-18-2023 09:05:15 | VERBOSE | PUBLIC[./flask_api_key/__init__.py] - NO MATCHES!
06-18-2023 09:05:15 | VERBOSE | persisting version - 0.2.4+build.124
06-18-2023 09:05:15 | VERBOSE | wrote config file
06-18-2023 09:05:15 | INFO | Version: 0.2.4+build.124
06-18-2023 09:05:15 | VERBOSE | Generated env/ctx: {'version': '0.2.4+build.124', 'semantic': '0.2.4+build.124', 'public': '0.2.4', 'pep440': '0.2.4.124', 'git': '0.2.3-dev.DIRTY+60dd121.124', 'tag': 'v0.2.4', 'major': '0', 'minor': '2', 'patch': '4', 'prerelease': 'None', 'build': 'build.124', 'env': 'production', 'root': '/Users/jhopper/Dropbox/dev/flask-api-key', 'previous': '0.2.3+build.123'}
06-18-2023 09:05:15 | ALT_INFO | +RUNNING step.__INTERNAL__<run git>
06-18-2023 09:05:15 | VERBOSE | running internal cmd - run git
06-18-2023 09:05:15 | ALT_INFO | +BEGIN pipeline.GIT
06-18-2023 09:05:15 | VERBOSE | Generated env/ctx: {'version': '0.2.4+build.124', 'semantic': '0.2.4+build.124', 'public': '0.2.4', 'pep440': '0.2.4.124', 'git': '0.2.3-dev.DIRTY+60dd121.124', 'tag': 'v0.2.4', 'major': '0', 'minor': '2', 'patch': '4', 'prerelease': 'None', 'build': 'build.124', 'env': 'production', 'root': '/Users/jhopper/Dropbox/dev/flask-api-key', 'previous': '0.2.3+build.123'}
06-18-2023 09:05:15 | ALT_INFO | +RUNNING step.__CLI__<git add .>
06-18-2023 09:05:15 | VERBOSE | running cmd - ['git', 'add', '.']
06-18-2023 09:05:15 | VERBOSE | Generated env/ctx: {'version': '0.2.4+build.124', 'semantic': '0.2.4+build.124', 'public': '0.2.4', 'pep440': '0.2.4.124', 'git': '0.2.3-dev.DIRTY+60dd121.124', 'tag': 'v0.2.4', 'major': '0', 'minor': '2', 'patch': '4', 'prerelease': 'None', 'build': 'build.124', 'env': 'production', 'root': '/Users/jhopper/Dropbox/dev/flask-api-key', 'previous': '0.2.3+build.123'}
06-18-2023 09:05:15 | VERBOSE | rendered cmd: git commit -m "auto-commit for v0.2.4"
06-18-2023 09:05:15 | ALT_INFO | +RUNNING step.__CLI__<git commit -m "auto-commit for v0.2.4">
06-18-2023 09:05:15 | VERBOSE | running cmd - ['git', 'commit', '-m', 'auto-commit for v0.2.4']
06-18-2023 09:05:16 | VERBOSE | Generated env/ctx: {'version': '0.2.4+build.124', 'semantic': '0.2.4+build.124', 'public': '0.2.4', 'pep440': '0.2.4.124', 'git': '0.2.3-dev.DIRTY+60dd121.124', 'tag': 'v0.2.4', 'major': '0', 'minor': '2', 'patch': '4', 'prerelease': 'None', 'build': 'build.124', 'env': 'production', 'root': '/Users/jhopper/Dropbox/dev/flask-api-key', 'previous': '0.2.3+build.123'}
06-18-2023 09:05:16 | VERBOSE | rendered cmd: git tag -a v0.2.4 -m "automated tag for release v0.2.4" --sign
06-18-2023 09:05:16 | ALT_INFO | +RUNNING step.__CLI__<git tag -a v0.2.4 -m "automated tag for release v0.2.4" --sign>
06-18-2023 09:05:16 | VERBOSE | running cmd - ['git', 'tag', '-a', 'v0.2.4', '-m', 'automated tag for release v0.2.4', '--sign']
06-18-2023 09:05:16 | VERBOSE | Generated env/ctx: {'version': '0.2.4+build.124', 'semantic': '0.2.4+build.124', 'public': '0.2.4', 'pep440': '0.2.4.124', 'git': '0.2.3-dev.DIRTY+60dd121.124', 'tag': 'v0.2.4', 'major': '0', 'minor': '2', 'patch': '4', 'prerelease': 'None', 'build': 'build.124', 'env': 'production', 'root': '/Users/jhopper/Dropbox/dev/flask-api-key', 'previous': '0.2.3+build.123'}
06-18-2023 09:05:16 | VERBOSE | rendered cmd: git push origin HEAD v0.2.4
06-18-2023 09:05:16 | ALT_INFO | +RUNNING step.__CLI__<git push origin HEAD v0.2.4>
06-18-2023 09:05:16 | VERBOSE | running cmd - ['git', 'push', 'origin', 'HEAD', 'v0.2.4']
06-18-2023 09:05:22 | ALT_INFO | +END pipeline.GIT
06-18-2023 09:05:22 | ALT_INFO | +END pipeline.RELEASE
06-18-2023 09:05:22 | INFO | +FINISHED pipeline.RELEASE
06-18-2023 09:05:50 | INFO |         ---===::: Welcome to ican :::===---
06-18-2023 09:05:50 | VERBOSE | --verbose detected.  Displaying verbose messaging.
06-18-2023 09:05:50 | VERBOSE | parsing file config VERSION[./flask_api_key/__init__.py]
06-18-2023 09:05:50 | VERBOSE | regex generated for __version__
06-18-2023 09:05:50 | VERBOSE | parsing file config PUBLIC[./flask_api_key/__init__.py]
06-18-2023 09:05:50 | VERBOSE | regex generated for __public_version__
06-18-2023 09:05:50 | VERBOSE | parsing GIT pipeline
06-18-2023 09:05:50 | VERBOSE | GIT - commit to git with current version as tag
06-18-2023 09:05:50 | VERBOSE | STEP - GIT.step1 - git add .
06-18-2023 09:05:50 | VERBOSE | STEP - GIT.step2 - git commit -m "auto-commit for {tag}"
06-18-2023 09:05:50 | VERBOSE | STEP - GIT.step3 - git tag -a {tag} -m "automated tag for release {tag}" --sign
06-18-2023 09:05:50 | VERBOSE | STEP - GIT.step4 - git push origin HEAD {tag}
06-18-2023 09:05:50 | VERBOSE | parsing RELEASE pipeline
06-18-2023 09:05:50 | VERBOSE | RELEASE - bump version by at least patch, then perform full git commit with tag
06-18-2023 09:05:50 | VERBOSE | STEP - RELEASE.step1 - $ICAN(bump patch)
06-18-2023 09:05:50 | VERBOSE | STEP - RELEASE.step2 - $ICAN(run git)
06-18-2023 09:05:50 | VERBOSE | discovered 0.2.4+build.124 @ CONFIG.version
06-18-2023 09:05:50 | VERBOSE | found git root @ /Users/jhopper/Dropbox/dev/flask-api-key
06-18-2023 09:05:50 | VERBOSE | Discovered 0.2.4-dev.DIRTY+8722f6f.124 @ GIT.version
06-18-2023 09:05:50 | VERBOSE | Beginning bump of <PATCH>
06-18-2023 09:05:50 | VERBOSE | VERSION[./flask_api_key/__init__.py] - updating to 0.2.5+build.125
06-18-2023 09:05:50 | VERBOSE | VERSION[./flask_api_key/__init__.py] - found 1 matches
06-18-2023 09:05:50 | VERBOSE | VERSION[./flask_api_key/__init__.py] - update COMPLETE
06-18-2023 09:05:50 | VERBOSE | PUBLIC[./flask_api_key/__init__.py] - updating to 0.2.5
06-18-2023 09:05:50 | VERBOSE | PUBLIC[./flask_api_key/__init__.py] - NO MATCHES!
06-18-2023 09:05:50 | VERBOSE | persisting version - 0.2.5+build.125
06-18-2023 09:05:50 | VERBOSE | wrote config file
06-18-2023 09:05:50 | INFO | Version: 0.2.5+build.125
06-18-2023 09:05:50 | VERBOSE | bump() COMPLETE
06-18-2023 09:05:59 | INFO |         ---===::: Welcome to ican :::===---
06-18-2023 09:05:59 | VERBOSE | --verbose detected.  Displaying verbose messaging.
06-18-2023 09:05:59 | VERBOSE | parsing file config VERSION[./flask_api_key/__init__.py]
06-18-2023 09:05:59 | VERBOSE | regex generated for __version__
06-18-2023 09:05:59 | VERBOSE | parsing file config PUBLIC[./flask_api_key/__init__.py]
06-18-2023 09:05:59 | VERBOSE | regex generated for __public_version__
06-18-2023 09:05:59 | VERBOSE | parsing GIT pipeline
06-18-2023 09:05:59 | VERBOSE | GIT - commit to git with current version as tag
06-18-2023 09:05:59 | VERBOSE | STEP - GIT.step1 - git add .
06-18-2023 09:05:59 | VERBOSE | STEP - GIT.step2 - git commit -m "auto-commit for {tag}"
06-18-2023 09:05:59 | VERBOSE | STEP - GIT.step3 - git tag -a {tag} -m "automated tag for release {tag}" --sign
06-18-2023 09:05:59 | VERBOSE | STEP - GIT.step4 - git push origin HEAD {tag}
06-18-2023 09:05:59 | VERBOSE | parsing RELEASE pipeline
06-18-2023 09:05:59 | VERBOSE | RELEASE - bump version by at least patch, then perform full git commit with tag
06-18-2023 09:05:59 | VERBOSE | STEP - RELEASE.step1 - $ICAN(bump patch)
06-18-2023 09:05:59 | VERBOSE | STEP - RELEASE.step2 - $ICAN(run git)
06-18-2023 09:05:59 | VERBOSE | discovered 0.2.5+build.125 @ CONFIG.version
06-18-2023 09:05:59 | VERBOSE | found git root @ /Users/jhopper/Dropbox/dev/flask-api-key
06-18-2023 09:05:59 | VERBOSE | Discovered 0.2.4-dev.DIRTY+8722f6f.125 @ GIT.version
06-18-2023 09:05:59 | ALT_INFO | +BEGIN pipeline.RELEASE
06-18-2023 09:05:59 | VERBOSE | Generated env/ctx: {'version': '0.2.5+build.125', 'semantic': '0.2.5+build.125', 'public': '0.2.5', 'pep440': '0.2.5.125', 'git': '0.2.4-dev.DIRTY+8722f6f.125', 'tag': 'v0.2.5', 'major': '0', 'minor': '2', 'patch': '5', 'prerelease': 'None', 'build': 'build.125', 'env': 'production', 'root': '/Users/jhopper/Dropbox/dev/flask-api-key', 'previous': '0.2.4+build.124'}
06-18-2023 09:05:59 | ALT_INFO | +RUNNING step.__INTERNAL__<bump patch>
06-18-2023 09:05:59 | VERBOSE | running internal cmd - bump patch
06-18-2023 09:05:59 | VERBOSE | Beginning bump of <PATCH>
06-18-2023 09:05:59 | VERBOSE | VERSION[./flask_api_key/__init__.py] - updating to 0.2.6+build.126
06-18-2023 09:05:59 | VERBOSE | VERSION[./flask_api_key/__init__.py] - found 1 matches
06-18-2023 09:05:59 | VERBOSE | VERSION[./flask_api_key/__init__.py] - update COMPLETE
06-18-2023 09:05:59 | VERBOSE | PUBLIC[./flask_api_key/__init__.py] - updating to 0.2.6
06-18-2023 09:05:59 | VERBOSE | PUBLIC[./flask_api_key/__init__.py] - NO MATCHES!
06-18-2023 09:05:59 | VERBOSE | persisting version - 0.2.6+build.126
06-18-2023 09:05:59 | VERBOSE | wrote config file
06-18-2023 09:05:59 | INFO | Version: 0.2.6+build.126
06-18-2023 09:05:59 | VERBOSE | Generated env/ctx: {'version': '0.2.6+build.126', 'semantic': '0.2.6+build.126', 'public': '0.2.6', 'pep440': '0.2.6.126', 'git': '0.2.4-dev.DIRTY+8722f6f.126', 'tag': 'v0.2.6', 'major': '0', 'minor': '2', 'patch': '6', 'prerelease': 'None', 'build': 'build.126', 'env': 'production', 'root': '/Users/jhopper/Dropbox/dev/flask-api-key', 'previous': '0.2.5+build.125'}
06-18-2023 09:05:59 | ALT_INFO | +RUNNING step.__INTERNAL__<run git>
06-18-2023 09:05:59 | VERBOSE | running internal cmd - run git
06-18-2023 09:05:59 | ALT_INFO | +BEGIN pipeline.GIT
06-18-2023 09:05:59 | VERBOSE | Generated env/ctx: {'version': '0.2.6+build.126', 'semantic': '0.2.6+build.126', 'public': '0.2.6', 'pep440': '0.2.6.126', 'git': '0.2.4-dev.DIRTY+8722f6f.126', 'tag': 'v0.2.6', 'major': '0', 'minor': '2', 'patch': '6', 'prerelease': 'None', 'build': 'build.126', 'env': 'production', 'root': '/Users/jhopper/Dropbox/dev/flask-api-key', 'previous': '0.2.5+build.125'}
06-18-2023 09:05:59 | ALT_INFO | +RUNNING step.__CLI__<git add .>
06-18-2023 09:05:59 | VERBOSE | running cmd - ['git', 'add', '.']
06-18-2023 09:05:59 | VERBOSE | Generated env/ctx: {'version': '0.2.6+build.126', 'semantic': '0.2.6+build.126', 'public': '0.2.6', 'pep440': '0.2.6.126', 'git': '0.2.4-dev.DIRTY+8722f6f.126', 'tag': 'v0.2.6', 'major': '0', 'minor': '2', 'patch': '6', 'prerelease': 'None', 'build': 'build.126', 'env': 'production', 'root': '/Users/jhopper/Dropbox/dev/flask-api-key', 'previous': '0.2.5+build.125'}
06-18-2023 09:05:59 | VERBOSE | rendered cmd: git commit -m "auto-commit for v0.2.6"
06-18-2023 09:05:59 | ALT_INFO | +RUNNING step.__CLI__<git commit -m "auto-commit for v0.2.6">
06-18-2023 09:05:59 | VERBOSE | running cmd - ['git', 'commit', '-m', 'auto-commit for v0.2.6']
06-18-2023 09:05:59 | VERBOSE | Generated env/ctx: {'version': '0.2.6+build.126', 'semantic': '0.2.6+build.126', 'public': '0.2.6', 'pep440': '0.2.6.126', 'git': '0.2.4-dev.DIRTY+8722f6f.126', 'tag': 'v0.2.6', 'major': '0', 'minor': '2', 'patch': '6', 'prerelease': 'None', 'build': 'build.126', 'env': 'production', 'root': '/Users/jhopper/Dropbox/dev/flask-api-key', 'previous': '0.2.5+build.125'}
06-18-2023 09:05:59 | VERBOSE | rendered cmd: git tag -a v0.2.6 -m "automated tag for release v0.2.6" --sign
06-18-2023 09:05:59 | ALT_INFO | +RUNNING step.__CLI__<git tag -a v0.2.6 -m "automated tag for release v0.2.6" --sign>
06-18-2023 09:05:59 | VERBOSE | running cmd - ['git', 'tag', '-a', 'v0.2.6', '-m', 'automated tag for release v0.2.6', '--sign']
06-18-2023 09:06:00 | VERBOSE | Generated env/ctx: {'version': '0.2.6+build.126', 'semantic': '0.2.6+build.126', 'public': '0.2.6', 'pep440': '0.2.6.126', 'git': '0.2.4-dev.DIRTY+8722f6f.126', 'tag': 'v0.2.6', 'major': '0', 'minor': '2', 'patch': '6', 'prerelease': 'None', 'build': 'build.126', 'env': 'production', 'root': '/Users/jhopper/Dropbox/dev/flask-api-key', 'previous': '0.2.5+build.125'}
06-18-2023 09:06:00 | VERBOSE | rendered cmd: git push origin HEAD v0.2.6
06-18-2023 09:06:00 | ALT_INFO | +RUNNING step.__CLI__<git push origin HEAD v0.2.6>
06-18-2023 09:06:00 | VERBOSE | running cmd - ['git', 'push', 'origin', 'HEAD', 'v0.2.6']
06-18-2023 09:06:06 | ALT_INFO | +END pipeline.GIT
06-18-2023 09:06:06 | ALT_INFO | +END pipeline.RELEASE
06-18-2023 09:06:06 | INFO | +FINISHED pipeline.RELEASE
06-18-2023 09:08:39 | INFO |         ---===::: Welcome to ican :::===---
06-18-2023 09:08:39 | VERBOSE | --verbose detected.  Displaying verbose messaging.
06-18-2023 09:08:39 | VERBOSE | parsing file config VERSION[./flask_api_key/__init__.py]
06-18-2023 09:08:39 | VERBOSE | regex generated for __version__
06-18-2023 09:08:39 | VERBOSE | parsing file config PUBLIC[./flask_api_key/__init__.py]
06-18-2023 09:08:39 | VERBOSE | regex generated for __public_version__
06-18-2023 09:08:39 | VERBOSE | parsing GIT pipeline
06-18-2023 09:08:39 | VERBOSE | GIT - commit to git with current version as tag
06-18-2023 09:08:39 | VERBOSE | STEP - GIT.step1 - git add .
06-18-2023 09:08:39 | VERBOSE | STEP - GIT.step2 - git commit -m "auto-commit for {tag}"
06-18-2023 09:08:39 | VERBOSE | STEP - GIT.step3 - git tag -a {tag} -m "automated tag for release {tag}" --sign
06-18-2023 09:08:39 | VERBOSE | STEP - GIT.step4 - git push origin HEAD {tag}
06-18-2023 09:08:39 | VERBOSE | parsing RELEASE pipeline
06-18-2023 09:08:39 | VERBOSE | RELEASE - bump version by at least patch, then perform full git commit with tag
06-18-2023 09:08:39 | VERBOSE | STEP - RELEASE.step1 - $ICAN(bump patch)
06-18-2023 09:08:39 | VERBOSE | STEP - RELEASE.step2 - $ICAN(run git)
06-18-2023 09:08:39 | VERBOSE | discovered 0.2.6+build.126 @ CONFIG.version
06-18-2023 09:08:39 | VERBOSE | found git root @ /Users/jhopper/Dropbox/dev/flask-api-key
06-18-2023 09:08:39 | VERBOSE | Discovered 0.2.6-dev.DIRTY+f098bca.126 @ GIT.version
06-18-2023 09:08:39 | ALT_INFO | +BEGIN pipeline.RELEASE
06-18-2023 09:08:39 | VERBOSE | Generated env/ctx: {'version': '0.2.6+build.126', 'semantic': '0.2.6+build.126', 'public': '0.2.6', 'pep440': '0.2.6.126', 'git': '0.2.6-dev.DIRTY+f098bca.126', 'tag': 'v0.2.6', 'major': '0', 'minor': '2', 'patch': '6', 'prerelease': 'None', 'build': 'build.126', 'env': 'production', 'root': '/Users/jhopper/Dropbox/dev/flask-api-key', 'previous': '0.2.5+build.125'}
06-18-2023 09:08:39 | ALT_INFO | +RUNNING step.__INTERNAL__<bump patch>
06-18-2023 09:08:39 | VERBOSE | running internal cmd - bump patch
06-18-2023 09:08:39 | VERBOSE | Beginning bump of <PATCH>
06-18-2023 09:08:39 | VERBOSE | VERSION[./flask_api_key/__init__.py] - updating to 0.2.7+build.127
06-18-2023 09:08:39 | VERBOSE | VERSION[./flask_api_key/__init__.py] - found 1 matches
06-18-2023 09:08:39 | VERBOSE | VERSION[./flask_api_key/__init__.py] - update COMPLETE
06-18-2023 09:08:39 | VERBOSE | PUBLIC[./flask_api_key/__init__.py] - updating to 0.2.7
06-18-2023 09:08:39 | VERBOSE | PUBLIC[./flask_api_key/__init__.py] - NO MATCHES!
06-18-2023 09:08:39 | VERBOSE | persisting version - 0.2.7+build.127
06-18-2023 09:08:39 | VERBOSE | wrote config file
06-18-2023 09:08:39 | INFO | Version: 0.2.7+build.127
06-18-2023 09:08:39 | VERBOSE | Generated env/ctx: {'version': '0.2.7+build.127', 'semantic': '0.2.7+build.127', 'public': '0.2.7', 'pep440': '0.2.7.127', 'git': '0.2.6-dev.DIRTY+f098bca.127', 'tag': 'v0.2.7', 'major': '0', 'minor': '2', 'patch': '7', 'prerelease': 'None', 'build': 'build.127', 'env': 'production', 'root': '/Users/jhopper/Dropbox/dev/flask-api-key', 'previous': '0.2.6+build.126'}
06-18-2023 09:08:39 | ALT_INFO | +RUNNING step.__INTERNAL__<run git>
06-18-2023 09:08:39 | VERBOSE | running internal cmd - run git
06-18-2023 09:08:39 | ALT_INFO | +BEGIN pipeline.GIT
06-18-2023 09:08:39 | VERBOSE | Generated env/ctx: {'version': '0.2.7+build.127', 'semantic': '0.2.7+build.127', 'public': '0.2.7', 'pep440': '0.2.7.127', 'git': '0.2.6-dev.DIRTY+f098bca.127', 'tag': 'v0.2.7', 'major': '0', 'minor': '2', 'patch': '7', 'prerelease': 'None', 'build': 'build.127', 'env': 'production', 'root': '/Users/jhopper/Dropbox/dev/flask-api-key', 'previous': '0.2.6+build.126'}
06-18-2023 09:08:39 | ALT_INFO | +RUNNING step.__CLI__<git add .>
06-18-2023 09:08:39 | VERBOSE | running cmd - ['git', 'add', '.']
06-18-2023 09:08:39 | VERBOSE | Generated env/ctx: {'version': '0.2.7+build.127', 'semantic': '0.2.7+build.127', 'public': '0.2.7', 'pep440': '0.2.7.127', 'git': '0.2.6-dev.DIRTY+f098bca.127', 'tag': 'v0.2.7', 'major': '0', 'minor': '2', 'patch': '7', 'prerelease': 'None', 'build': 'build.127', 'env': 'production', 'root': '/Users/jhopper/Dropbox/dev/flask-api-key', 'previous': '0.2.6+build.126'}
06-18-2023 09:08:39 | VERBOSE | rendered cmd: git commit -m "auto-commit for v0.2.7"
06-18-2023 09:08:39 | ALT_INFO | +RUNNING step.__CLI__<git commit -m "auto-commit for v0.2.7">
06-18-2023 09:08:39 | VERBOSE | running cmd - ['git', 'commit', '-m', 'auto-commit for v0.2.7']
06-18-2023 09:08:39 | VERBOSE | Generated env/ctx: {'version': '0.2.7+build.127', 'semantic': '0.2.7+build.127', 'public': '0.2.7', 'pep440': '0.2.7.127', 'git': '0.2.6-dev.DIRTY+f098bca.127', 'tag': 'v0.2.7', 'major': '0', 'minor': '2', 'patch': '7', 'prerelease': 'None', 'build': 'build.127', 'env': 'production', 'root': '/Users/jhopper/Dropbox/dev/flask-api-key', 'previous': '0.2.6+build.126'}
06-18-2023 09:08:39 | VERBOSE | rendered cmd: git tag -a v0.2.7 -m "automated tag for release v0.2.7" --sign
06-18-2023 09:08:39 | ALT_INFO | +RUNNING step.__CLI__<git tag -a v0.2.7 -m "automated tag for release v0.2.7" --sign>
06-18-2023 09:08:39 | VERBOSE | running cmd - ['git', 'tag', '-a', 'v0.2.7', '-m', 'automated tag for release v0.2.7', '--sign']
06-18-2023 09:08:39 | VERBOSE | Generated env/ctx: {'version': '0.2.7+build.127', 'semantic': '0.2.7+build.127', 'public': '0.2.7', 'pep440': '0.2.7.127', 'git': '0.2.6-dev.DIRTY+f098bca.127', 'tag': 'v0.2.7', 'major': '0', 'minor': '2', 'patch': '7', 'prerelease': 'None', 'build': 'build.127', 'env': 'production', 'root': '/Users/jhopper/Dropbox/dev/flask-api-key', 'previous': '0.2.6+build.126'}
06-18-2023 09:08:39 | VERBOSE | rendered cmd: git push origin HEAD v0.2.7
06-18-2023 09:08:39 | ALT_INFO | +RUNNING step.__CLI__<git push origin HEAD v0.2.7>
06-18-2023 09:08:39 | VERBOSE | running cmd - ['git', 'push', 'origin', 'HEAD', 'v0.2.7']
06-18-2023 09:08:45 | ALT_INFO | +END pipeline.GIT
06-18-2023 09:08:45 | ALT_INFO | +END pipeline.RELEASE
06-18-2023 09:08:45 | INFO | +FINISHED pipeline.RELEASE
06-18-2023 09:14:56 | INFO |         ---===::: Welcome to ican :::===---
06-18-2023 09:14:56 | VERBOSE | --verbose detected.  Displaying verbose messaging.
06-18-2023 09:14:56 | VERBOSE | parsing file config VERSION[./flask_api_key/__init__.py]
06-18-2023 09:14:56 | VERBOSE | regex generated for __version__
06-18-2023 09:14:56 | VERBOSE | parsing file config PUBLIC[./flask_api_key/__init__.py]
06-18-2023 09:14:56 | VERBOSE | regex generated for __public_version__
06-18-2023 09:14:56 | VERBOSE | parsing GIT pipeline
06-18-2023 09:14:56 | VERBOSE | GIT - commit to git with current version as tag
06-18-2023 09:14:56 | VERBOSE | STEP - GIT.step1 - git add .
06-18-2023 09:14:56 | VERBOSE | STEP - GIT.step2 - git commit -m "auto-commit for {tag}"
06-18-2023 09:14:56 | VERBOSE | STEP - GIT.step3 - git tag -a {tag} -m "automated tag for release {tag}" --sign
06-18-2023 09:14:56 | VERBOSE | STEP - GIT.step4 - git push origin HEAD {tag}
06-18-2023 09:14:56 | VERBOSE | parsing RELEASE pipeline
06-18-2023 09:14:56 | VERBOSE | RELEASE - bump version by at least patch, then perform full git commit with tag
06-18-2023 09:14:56 | VERBOSE | STEP - RELEASE.step1 - $ICAN(bump patch)
06-18-2023 09:14:56 | VERBOSE | STEP - RELEASE.step2 - $ICAN(run git)
06-18-2023 09:14:56 | VERBOSE | discovered 0.2.7+build.127 @ CONFIG.version
06-18-2023 09:14:56 | VERBOSE | found git root @ /Users/jhopper/Dropbox/dev/flask-api-key
06-18-2023 09:14:56 | VERBOSE | Discovered 0.2.7-dev.DIRTY+ad59563.127 @ GIT.version
06-18-2023 09:14:56 | ERROR | Unrecognized command
06-18-2023 09:14:59 | INFO |         ---===::: Welcome to ican :::===---
06-18-2023 09:14:59 | VERBOSE | --verbose detected.  Displaying verbose messaging.
06-18-2023 09:14:59 | VERBOSE | parsing file config VERSION[./flask_api_key/__init__.py]
06-18-2023 09:14:59 | VERBOSE | regex generated for __version__
06-18-2023 09:14:59 | VERBOSE | parsing file config PUBLIC[./flask_api_key/__init__.py]
06-18-2023 09:14:59 | VERBOSE | regex generated for __public_version__
06-18-2023 09:14:59 | VERBOSE | parsing GIT pipeline
06-18-2023 09:14:59 | VERBOSE | GIT - commit to git with current version as tag
06-18-2023 09:14:59 | VERBOSE | STEP - GIT.step1 - git add .
06-18-2023 09:14:59 | VERBOSE | STEP - GIT.step2 - git commit -m "auto-commit for {tag}"
06-18-2023 09:14:59 | VERBOSE | STEP - GIT.step3 - git tag -a {tag} -m "automated tag for release {tag}" --sign
06-18-2023 09:14:59 | VERBOSE | STEP - GIT.step4 - git push origin HEAD {tag}
06-18-2023 09:14:59 | VERBOSE | parsing RELEASE pipeline
06-18-2023 09:14:59 | VERBOSE | RELEASE - bump version by at least patch, then perform full git commit with tag
06-18-2023 09:14:59 | VERBOSE | STEP - RELEASE.step1 - $ICAN(bump patch)
06-18-2023 09:14:59 | VERBOSE | STEP - RELEASE.step2 - $ICAN(run git)
06-18-2023 09:14:59 | VERBOSE | discovered 0.2.7+build.127 @ CONFIG.version
06-18-2023 09:14:59 | VERBOSE | found git root @ /Users/jhopper/Dropbox/dev/flask-api-key
06-18-2023 09:14:59 | VERBOSE | Discovered 0.2.7-dev.DIRTY+ad59563.127 @ GIT.version
06-18-2023 09:14:59 | ALT_INFO | +BEGIN pipeline.RELEASE
06-18-2023 09:14:59 | VERBOSE | Generated env/ctx: {'version': '0.2.7+build.127', 'semantic': '0.2.7+build.127', 'public': '0.2.7', 'pep440': '0.2.7.127', 'git': '0.2.7-dev.DIRTY+ad59563.127', 'tag': 'v0.2.7', 'major': '0', 'minor': '2', 'patch': '7', 'prerelease': 'None', 'build': 'build.127', 'env': 'production', 'root': '/Users/jhopper/Dropbox/dev/flask-api-key', 'previous': '0.2.6+build.126'}
06-18-2023 09:14:59 | ALT_INFO | +RUNNING step.__INTERNAL__<bump patch>
06-18-2023 09:14:59 | VERBOSE | running internal cmd - bump patch
06-18-2023 09:14:59 | VERBOSE | Beginning bump of <PATCH>
06-18-2023 09:14:59 | VERBOSE | VERSION[./flask_api_key/__init__.py] - updating to 0.2.8+build.128
06-18-2023 09:14:59 | VERBOSE | VERSION[./flask_api_key/__init__.py] - found 1 matches
06-18-2023 09:14:59 | VERBOSE | VERSION[./flask_api_key/__init__.py] - update COMPLETE
06-18-2023 09:14:59 | VERBOSE | PUBLIC[./flask_api_key/__init__.py] - updating to 0.2.8
06-18-2023 09:14:59 | VERBOSE | PUBLIC[./flask_api_key/__init__.py] - NO MATCHES!
06-18-2023 09:14:59 | VERBOSE | persisting version - 0.2.8+build.128
06-18-2023 09:14:59 | VERBOSE | wrote config file
06-18-2023 09:14:59 | INFO | Version: 0.2.8+build.128
06-18-2023 09:14:59 | VERBOSE | Generated env/ctx: {'version': '0.2.8+build.128', 'semantic': '0.2.8+build.128', 'public': '0.2.8', 'pep440': '0.2.8.128', 'git': '0.2.7-dev.DIRTY+ad59563.128', 'tag': 'v0.2.8', 'major': '0', 'minor': '2', 'patch': '8', 'prerelease': 'None', 'build': 'build.128', 'env': 'production', 'root': '/Users/jhopper/Dropbox/dev/flask-api-key', 'previous': '0.2.7+build.127'}
06-18-2023 09:14:59 | ALT_INFO | +RUNNING step.__INTERNAL__<run git>
06-18-2023 09:14:59 | VERBOSE | running internal cmd - run git
06-18-2023 09:14:59 | ALT_INFO | +BEGIN pipeline.GIT
06-18-2023 09:14:59 | VERBOSE | Generated env/ctx: {'version': '0.2.8+build.128', 'semantic': '0.2.8+build.128', 'public': '0.2.8', 'pep440': '0.2.8.128', 'git': '0.2.7-dev.DIRTY+ad59563.128', 'tag': 'v0.2.8', 'major': '0', 'minor': '2', 'patch': '8', 'prerelease': 'None', 'build': 'build.128', 'env': 'production', 'root': '/Users/jhopper/Dropbox/dev/flask-api-key', 'previous': '0.2.7+build.127'}
06-18-2023 09:14:59 | ALT_INFO | +RUNNING step.__CLI__<git add .>
06-18-2023 09:14:59 | VERBOSE | running cmd - ['git', 'add', '.']
06-18-2023 09:14:59 | VERBOSE | Generated env/ctx: {'version': '0.2.8+build.128', 'semantic': '0.2.8+build.128', 'public': '0.2.8', 'pep440': '0.2.8.128', 'git': '0.2.7-dev.DIRTY+ad59563.128', 'tag': 'v0.2.8', 'major': '0', 'minor': '2', 'patch': '8', 'prerelease': 'None', 'build': 'build.128', 'env': 'production', 'root': '/Users/jhopper/Dropbox/dev/flask-api-key', 'previous': '0.2.7+build.127'}
06-18-2023 09:14:59 | VERBOSE | rendered cmd: git commit -m "auto-commit for v0.2.8"
06-18-2023 09:14:59 | ALT_INFO | +RUNNING step.__CLI__<git commit -m "auto-commit for v0.2.8">
06-18-2023 09:14:59 | VERBOSE | running cmd - ['git', 'commit', '-m', 'auto-commit for v0.2.8']
06-18-2023 09:14:59 | VERBOSE | Generated env/ctx: {'version': '0.2.8+build.128', 'semantic': '0.2.8+build.128', 'public': '0.2.8', 'pep440': '0.2.8.128', 'git': '0.2.7-dev.DIRTY+ad59563.128', 'tag': 'v0.2.8', 'major': '0', 'minor': '2', 'patch': '8', 'prerelease': 'None', 'build': 'build.128', 'env': 'production', 'root': '/Users/jhopper/Dropbox/dev/flask-api-key', 'previous': '0.2.7+build.127'}
06-18-2023 09:14:59 | VERBOSE | rendered cmd: git tag -a v0.2.8 -m "automated tag for release v0.2.8" --sign
06-18-2023 09:14:59 | ALT_INFO | +RUNNING step.__CLI__<git tag -a v0.2.8 -m "automated tag for release v0.2.8" --sign>
06-18-2023 09:14:59 | VERBOSE | running cmd - ['git', 'tag', '-a', 'v0.2.8', '-m', 'automated tag for release v0.2.8', '--sign']
06-18-2023 09:14:59 | VERBOSE | Generated env/ctx: {'version': '0.2.8+build.128', 'semantic': '0.2.8+build.128', 'public': '0.2.8', 'pep440': '0.2.8.128', 'git': '0.2.7-dev.DIRTY+ad59563.128', 'tag': 'v0.2.8', 'major': '0', 'minor': '2', 'patch': '8', 'prerelease': 'None', 'build': 'build.128', 'env': 'production', 'root': '/Users/jhopper/Dropbox/dev/flask-api-key', 'previous': '0.2.7+build.127'}
06-18-2023 09:14:59 | VERBOSE | rendered cmd: git push origin HEAD v0.2.8
06-18-2023 09:14:59 | ALT_INFO | +RUNNING step.__CLI__<git push origin HEAD v0.2.8>
06-18-2023 09:14:59 | VERBOSE | running cmd - ['git', 'push', 'origin', 'HEAD', 'v0.2.8']
06-18-2023 09:15:04 | ALT_INFO | +END pipeline.GIT
06-18-2023 09:15:04 | ALT_INFO | +END pipeline.RELEASE
06-18-2023 09:15:04 | INFO | +FINISHED pipeline.RELEASE
06-18-2023 09:18:30 | INFO |         ---===::: Welcome to ican :::===---
06-18-2023 09:18:30 | VERBOSE | --verbose detected.  Displaying verbose messaging.
06-18-2023 09:18:30 | VERBOSE | parsing file config VERSION[./flask_api_key/__init__.py]
06-18-2023 09:18:30 | VERBOSE | regex generated for __version__
06-18-2023 09:18:30 | VERBOSE | parsing file config PUBLIC[./flask_api_key/__init__.py]
06-18-2023 09:18:30 | VERBOSE | regex generated for __public_version__
06-18-2023 09:18:30 | VERBOSE | parsing GIT pipeline
06-18-2023 09:18:30 | VERBOSE | GIT - commit to git with current version as tag
06-18-2023 09:18:30 | VERBOSE | STEP - GIT.step1 - git add .
06-18-2023 09:18:30 | VERBOSE | STEP - GIT.step2 - git commit -m "auto-commit for {tag}"
06-18-2023 09:18:30 | VERBOSE | STEP - GIT.step3 - git tag -a {tag} -m "automated tag for release {tag}" --sign
06-18-2023 09:18:30 | VERBOSE | STEP - GIT.step4 - git push origin HEAD {tag}
06-18-2023 09:18:30 | VERBOSE | parsing RELEASE pipeline
06-18-2023 09:18:30 | VERBOSE | RELEASE - bump version by at least patch, then perform full git commit with tag
06-18-2023 09:18:30 | VERBOSE | STEP - RELEASE.step1 - $ICAN(bump patch)
06-18-2023 09:18:30 | VERBOSE | STEP - RELEASE.step2 - $ICAN(run git)
06-18-2023 09:18:30 | VERBOSE | discovered 0.2.8+build.128 @ CONFIG.version
06-18-2023 09:18:30 | VERBOSE | found git root @ /Users/jhopper/Dropbox/dev/flask-api-key
06-18-2023 09:18:30 | VERBOSE | Discovered 0.2.8-dev.DIRTY+d0667fb.128 @ GIT.version
06-18-2023 09:18:30 | ALT_INFO | +BEGIN pipeline.RELEASE
06-18-2023 09:18:30 | VERBOSE | Generated env/ctx: {'version': '0.2.8+build.128', 'semantic': '0.2.8+build.128', 'public': '0.2.8', 'pep440': '0.2.8.128', 'git': '0.2.8-dev.DIRTY+d0667fb.128', 'tag': 'v0.2.8', 'major': '0', 'minor': '2', 'patch': '8', 'prerelease': 'None', 'build': 'build.128', 'env': 'production', 'root': '/Users/jhopper/Dropbox/dev/flask-api-key', 'previous': '0.2.7+build.127'}
06-18-2023 09:18:30 | ALT_INFO | +RUNNING step.__INTERNAL__<bump patch>
06-18-2023 09:18:30 | VERBOSE | running internal cmd - bump patch
06-18-2023 09:18:30 | VERBOSE | Beginning bump of <PATCH>
06-18-2023 09:18:30 | VERBOSE | VERSION[./flask_api_key/__init__.py] - updating to 0.2.9+build.129
06-18-2023 09:18:30 | VERBOSE | VERSION[./flask_api_key/__init__.py] - found 1 matches
06-18-2023 09:18:30 | VERBOSE | VERSION[./flask_api_key/__init__.py] - update COMPLETE
06-18-2023 09:18:30 | VERBOSE | PUBLIC[./flask_api_key/__init__.py] - updating to 0.2.9
06-18-2023 09:18:30 | VERBOSE | PUBLIC[./flask_api_key/__init__.py] - NO MATCHES!
06-18-2023 09:18:30 | VERBOSE | persisting version - 0.2.9+build.129
06-18-2023 09:18:30 | VERBOSE | wrote config file
06-18-2023 09:18:30 | INFO | Version: 0.2.9+build.129
06-18-2023 09:18:30 | VERBOSE | Generated env/ctx: {'version': '0.2.9+build.129', 'semantic': '0.2.9+build.129', 'public': '0.2.9', 'pep440': '0.2.9.129', 'git': '0.2.8-dev.DIRTY+d0667fb.129', 'tag': 'v0.2.9', 'major': '0', 'minor': '2', 'patch': '9', 'prerelease': 'None', 'build': 'build.129', 'env': 'production', 'root': '/Users/jhopper/Dropbox/dev/flask-api-key', 'previous': '0.2.8+build.128'}
06-18-2023 09:18:30 | ALT_INFO | +RUNNING step.__INTERNAL__<run git>
06-18-2023 09:18:30 | VERBOSE | running internal cmd - run git
06-18-2023 09:18:30 | ALT_INFO | +BEGIN pipeline.GIT
06-18-2023 09:18:30 | VERBOSE | Generated env/ctx: {'version': '0.2.9+build.129', 'semantic': '0.2.9+build.129', 'public': '0.2.9', 'pep440': '0.2.9.129', 'git': '0.2.8-dev.DIRTY+d0667fb.129', 'tag': 'v0.2.9', 'major': '0', 'minor': '2', 'patch': '9', 'prerelease': 'None', 'build': 'build.129', 'env': 'production', 'root': '/Users/jhopper/Dropbox/dev/flask-api-key', 'previous': '0.2.8+build.128'}
06-18-2023 09:18:30 | ALT_INFO | +RUNNING step.__CLI__<git add .>
06-18-2023 09:18:30 | VERBOSE | running cmd - ['git', 'add', '.']
